<?xml version="1.0" encoding="UTF-8"?>
<!-- Generated by org.testng.reporters.JUnitXMLReporter -->
<testsuite hostname="Boomerangs-MacBook-Pro.local" name="getRevenueValueInDollars" tests="1" failures="1" timestamp="3 Apr 2017 14:09:22 GMT" time="0.495" errors="0">
  <testcase name="getRevenueValueInDollars" time="0.128" classname="com.boomerang.canvas.suite.Testcases">
    <failure type="java.lang.AssertionError" message="expected [$635.9M] but found []">
      <![CDATA[java.lang.AssertionError: expected [$635.9M] but found []
	at com.boomerang.canvas.suite.Testcases.getRevenueValueInDollars(Testcases.java:160)
	at com.boomerang.canvas.suite.Testsuite.runTests(Testsuite.java:85)
	at com.boomerang.canvas.suite.Testsuite.suitetest(Testsuite.java:98)
	at com.boomerang.canvas.suite.Testsuite.main(Testsuite.java:106)
... Removed 26 stack frames]]>
    </failure>
  </testcase> <!-- getRevenueValueInDollars -->
</testsuite> <!-- getRevenueValueInDollars -->
