<?xml version="1.0" encoding="UTF-8"?>
<!-- Generated by org.testng.reporters.JUnitXMLReporter -->
<testsuite hostname="Boomerangs-MacBook-Pro.local" name="getRevenuePercentPvP" tests="1" failures="1" timestamp="3 Apr 2017 14:09:23 GMT" time="0.415" errors="0">
  <testcase name="getRevenuePercentPvP" time="0.071" classname="com.boomerang.canvas.suite.Testcases">
    <failure type="java.lang.AssertionError" message="expected [2.9%] but found []">
      <![CDATA[java.lang.AssertionError: expected [2.9%] but found []
	at com.boomerang.canvas.genericlibrary.Genericlib.getYOYandPVPvalues(Genericlib.java:171)
	at com.boomerang.canvas.suite.Testcases.getRevenuePercentPvP(Testcases.java:172)
	at com.boomerang.canvas.suite.Testsuite.runTests(Testsuite.java:85)
	at com.boomerang.canvas.suite.Testsuite.suitetest(Testsuite.java:98)
	at com.boomerang.canvas.suite.Testsuite.main(Testsuite.java:106)
... Removed 26 stack frames]]>
    </failure>
  </testcase> <!-- getRevenuePercentPvP -->
</testsuite> <!-- getRevenuePercentPvP -->
