<?xml version="1.0" encoding="UTF-8"?>
<!-- Generated by org.testng.reporters.JUnitXMLReporter -->
<testsuite hostname="Boomerangs-MacBook-Pro.local" name="getBigmoversLosersallPVPvalue" tests="1" failures="1" timestamp="3 Apr 2017 13:53:49 GMT" time="2.818" errors="0">
  <testcase name="getBigmoversLosersallPVPvalue" time="2.295" classname="com.boomerang.canvas.suite.Testcases">
    <failure type="java.lang.AssertionError" message="expected [449.5] but found [23.4]">
      <![CDATA[java.lang.AssertionError: expected [449.5] but found [23.4]
	at com.boomerang.canvas.genericlibrary.Genericlib.getlist(Genericlib.java:97)
	at com.boomerang.canvas.suite.Testcases.getBigmoversLosersallPVPvalue(Testcases.java:684)
	at com.boomerang.canvas.suite.Testsuite.runTests(Testsuite.java:85)
	at com.boomerang.canvas.suite.Testsuite.suitetest(Testsuite.java:98)
	at com.boomerang.canvas.suite.Testsuite.main(Testsuite.java:106)
... Removed 26 stack frames]]>
    </failure>
  </testcase> <!-- getBigmoversLosersallPVPvalue -->
</testsuite> <!-- getBigmoversLosersallPVPvalue -->
