<?xml version="1.0" encoding="UTF-8"?>
<!-- Generated by org.testng.reporters.JUnitReportReporter -->
<testsuite hostname="Boomerangs-MacBook-Pro.local" name="com.boomerang.canvas.suite.Testcases" tests="67" failures="6" timestamp="3 Apr 2017 10:06:35 GMT" time="329.111" errors="0">
  <testcase name="getBigmoversLosersallPVPvalue" time="5.940" classname="com.boomerang.canvas.suite.Testcases">
    <failure type="java.lang.AssertionError" message="expected [449.5] but found [23.4]">
      <![CDATA[java.lang.AssertionError: expected [449.5] but found [23.4]
	at org.testng.Assert.fail(Assert.java:94)
	at org.testng.Assert.failNotEquals(Assert.java:496)
	at org.testng.Assert.assertEquals(Assert.java:125)
	at org.testng.Assert.assertEquals(Assert.java:178)
	at org.testng.Assert.assertEquals(Assert.java:188)
	at com.boomerang.canvas.genericlibrary.Genericlib.getlist(Genericlib.java:97)
	at com.boomerang.canvas.suite.Testcases.getBigmoversLosersallPVPvalue(Testcases.java:686)
	at sun.reflect.NativeMethodAccessorImpl.invoke0(Native Method)
	at sun.reflect.NativeMethodAccessorImpl.invoke(NativeMethodAccessorImpl.java:62)
	at sun.reflect.DelegatingMethodAccessorImpl.invoke(DelegatingMethodAccessorImpl.java:43)
	at java.lang.reflect.Method.invoke(Method.java:498)
	at org.testng.internal.MethodInvocationHelper.invokeMethod(MethodInvocationHelper.java:85)
	at org.testng.internal.Invoker.invokeMethod(Invoker.java:659)
	at org.testng.internal.Invoker.invokeTestMethod(Invoker.java:845)
	at org.testng.internal.Invoker.invokeTestMethods(Invoker.java:1153)
	at org.testng.internal.TestMethodWorker.invokeTestMethods(TestMethodWorker.java:125)
	at org.testng.internal.TestMethodWorker.run(TestMethodWorker.java:108)
	at org.testng.TestRunner.privateRun(TestRunner.java:771)
	at org.testng.TestRunner.run(TestRunner.java:621)
	at org.testng.SuiteRunner.runTest(SuiteRunner.java:357)
	at org.testng.SuiteRunner.runSequentially(SuiteRunner.java:352)
	at org.testng.SuiteRunner.privateRun(SuiteRunner.java:310)
	at org.testng.SuiteRunner.run(SuiteRunner.java:259)
	at org.testng.SuiteRunnerWorker.runSuite(SuiteRunnerWorker.java:52)
	at org.testng.SuiteRunnerWorker.run(SuiteRunnerWorker.java:86)
	at org.testng.TestNG.runSuitesSequentially(TestNG.java:1199)
	at org.testng.TestNG.runSuitesLocally(TestNG.java:1124)
	at org.testng.TestNG.run(TestNG.java:1032)
	at com.boomerang.canvas.suite.Testsuite.runTests(Testsuite.java:85)
	at com.boomerang.canvas.suite.Testsuite.suitetest(Testsuite.java:98)
	at com.boomerang.canvas.suite.Testsuite.main(Testsuite.java:106)
]]>
    </failure>
  </testcase> <!-- getBigmoversLosersallPVPvalue -->
  <testcase name="getRevenuePvPPercent" time="4.097" classname="com.boomerang.canvas.suite.Testcases"/>
  <testcase name="getUnitsPvPPercent" time="3.060" classname="com.boomerang.canvas.suite.Testcases"/>
  <testcase name="getBigmoversLosersallYOYvalue" time="5.805" classname="com.boomerang.canvas.suite.Testcases">
    <failure type="java.lang.AssertionError" message="expected [306] but found [25]">
      <![CDATA[java.lang.AssertionError: expected [306] but found [25]
	at org.testng.Assert.fail(Assert.java:94)
	at org.testng.Assert.failNotEquals(Assert.java:496)
	at org.testng.Assert.assertEquals(Assert.java:125)
	at org.testng.Assert.assertEquals(Assert.java:178)
	at org.testng.Assert.assertEquals(Assert.java:188)
	at com.boomerang.canvas.genericlibrary.Genericlib.getlist(Genericlib.java:97)
	at com.boomerang.canvas.suite.Testcases.getBigmoversLosersallYOYvalue(Testcases.java:600)
	at sun.reflect.NativeMethodAccessorImpl.invoke0(Native Method)
	at sun.reflect.NativeMethodAccessorImpl.invoke(NativeMethodAccessorImpl.java:62)
	at sun.reflect.DelegatingMethodAccessorImpl.invoke(DelegatingMethodAccessorImpl.java:43)
	at java.lang.reflect.Method.invoke(Method.java:498)
	at org.testng.internal.MethodInvocationHelper.invokeMethod(MethodInvocationHelper.java:85)
	at org.testng.internal.Invoker.invokeMethod(Invoker.java:659)
	at org.testng.internal.Invoker.invokeTestMethod(Invoker.java:845)
	at org.testng.internal.Invoker.invokeTestMethods(Invoker.java:1153)
	at org.testng.internal.TestMethodWorker.invokeTestMethods(TestMethodWorker.java:125)
	at org.testng.internal.TestMethodWorker.run(TestMethodWorker.java:108)
	at org.testng.TestRunner.privateRun(TestRunner.java:771)
	at org.testng.TestRunner.run(TestRunner.java:621)
	at org.testng.SuiteRunner.runTest(SuiteRunner.java:357)
	at org.testng.SuiteRunner.runSequentially(SuiteRunner.java:352)
	at org.testng.SuiteRunner.privateRun(SuiteRunner.java:310)
	at org.testng.SuiteRunner.run(SuiteRunner.java:259)
	at org.testng.SuiteRunnerWorker.runSuite(SuiteRunnerWorker.java:52)
	at org.testng.SuiteRunnerWorker.run(SuiteRunnerWorker.java:86)
	at org.testng.TestNG.runSuitesSequentially(TestNG.java:1199)
	at org.testng.TestNG.runSuitesLocally(TestNG.java:1124)
	at org.testng.TestNG.run(TestNG.java:1032)
	at com.boomerang.canvas.suite.Testsuite.runTests(Testsuite.java:85)
	at com.boomerang.canvas.suite.Testsuite.suitetest(Testsuite.java:98)
	at com.boomerang.canvas.suite.Testsuite.main(Testsuite.java:106)
]]>
    </failure>
  </testcase> <!-- getBigmoversLosersallYOYvalue -->
  <testcase name="getAvgSalePriceValue" time="3.469" classname="com.boomerang.canvas.suite.Testcases"/>
  <testcase name="getBigmoversLosersbrandsPVPvalue" time="5.167" classname="com.boomerang.canvas.suite.Testcases"/>
  <testcase name="getBigmoversLoserscategoriesYOYvalue" time="5.866" classname="com.boomerang.canvas.suite.Testcases"/>
  <testcase name="isBigmoversTextpresent" time="3.408" classname="com.boomerang.canvas.suite.Testcases"/>
  <testcase name="getAvgSalePricePvPPercent" time="3.199" classname="com.boomerang.canvas.suite.Testcases"/>
  <testcase name="getConversionPvPPercent" time="4.193" classname="com.boomerang.canvas.suite.Testcases"/>
  <testcase name="getUnitsPerOrderYoYPercent" time="3.224" classname="com.boomerang.canvas.suite.Testcases"/>
  <testcase name="getRevenueValueInDollars" time="12.127" classname="com.boomerang.canvas.suite.Testcases"/>
  <testcase name="getConversionYoYPercent" time="3.677" classname="com.boomerang.canvas.suite.Testcases"/>
  <testcase name="getBigmoversWinnersallYOYvalue" time="5.426" classname="com.boomerang.canvas.suite.Testcases"/>
  <testcase name="isRevenueTextPresent" time="6.029" classname="com.boomerang.canvas.suite.Testcases"/>
  <testcase name="isBigmoversAllTextpresent" time="3.054" classname="com.boomerang.canvas.suite.Testcases"/>
  <testcase name="isBigmoversLosersTextpresent" time="3.072" classname="com.boomerang.canvas.suite.Testcases"/>
  <testcase name="isMarginTextPresent" time="5.503" classname="com.boomerang.canvas.suite.Testcases"/>
  <testcase name="getRevenuePercentYoY" time="3.182" classname="com.boomerang.canvas.suite.Testcases">
    <failure type="java.lang.AssertionError" message="expected [30%] but found [30.78%]">
      <![CDATA[java.lang.AssertionError: expected [30%] but found [30.78%]
	at org.testng.Assert.fail(Assert.java:94)
	at org.testng.Assert.failNotEquals(Assert.java:496)
	at org.testng.Assert.assertEquals(Assert.java:125)
	at org.testng.Assert.assertEquals(Assert.java:178)
	at org.testng.Assert.assertEquals(Assert.java:188)
	at com.boomerang.canvas.genericlibrary.Genericlib.getYOYandPVPvalues(Genericlib.java:171)
	at com.boomerang.canvas.suite.Testcases.getRevenuePercentYoY(Testcases.java:168)
	at sun.reflect.NativeMethodAccessorImpl.invoke0(Native Method)
	at sun.reflect.NativeMethodAccessorImpl.invoke(NativeMethodAccessorImpl.java:62)
	at sun.reflect.DelegatingMethodAccessorImpl.invoke(DelegatingMethodAccessorImpl.java:43)
	at java.lang.reflect.Method.invoke(Method.java:498)
	at org.testng.internal.MethodInvocationHelper.invokeMethod(MethodInvocationHelper.java:85)
	at org.testng.internal.Invoker.invokeMethod(Invoker.java:659)
	at org.testng.internal.Invoker.invokeTestMethod(Invoker.java:845)
	at org.testng.internal.Invoker.invokeTestMethods(Invoker.java:1153)
	at org.testng.internal.TestMethodWorker.invokeTestMethods(TestMethodWorker.java:125)
	at org.testng.internal.TestMethodWorker.run(TestMethodWorker.java:108)
	at org.testng.TestRunner.privateRun(TestRunner.java:771)
	at org.testng.TestRunner.run(TestRunner.java:621)
	at org.testng.SuiteRunner.runTest(SuiteRunner.java:357)
	at org.testng.SuiteRunner.runSequentially(SuiteRunner.java:352)
	at org.testng.SuiteRunner.privateRun(SuiteRunner.java:310)
	at org.testng.SuiteRunner.run(SuiteRunner.java:259)
	at org.testng.SuiteRunnerWorker.runSuite(SuiteRunnerWorker.java:52)
	at org.testng.SuiteRunnerWorker.run(SuiteRunnerWorker.java:86)
	at org.testng.TestNG.runSuitesSequentially(TestNG.java:1199)
	at org.testng.TestNG.runSuitesLocally(TestNG.java:1124)
	at org.testng.TestNG.run(TestNG.java:1032)
	at com.boomerang.canvas.suite.Testsuite.runTests(Testsuite.java:85)
	at com.boomerang.canvas.suite.Testsuite.suitetest(Testsuite.java:98)
	at com.boomerang.canvas.suite.Testsuite.main(Testsuite.java:106)
]]>
    </failure>
  </testcase> <!-- getRevenuePercentYoY -->
  <testcase name="getUnitsPerOrderPvPPercent" time="3.630" classname="com.boomerang.canvas.suite.Testcases"/>
  <testcase name="getUnitsPerOrderValue" time="3.277" classname="com.boomerang.canvas.suite.Testcases"/>
  <testcase name="getbigmoversCategoriesLosersdata" time="6.530" classname="com.boomerang.canvas.suite.Testcases"/>
  <testcase name="isHeaderMarginTextPresent" time="2.977" classname="com.boomerang.canvas.suite.Testcases"/>
  <testcase name="getMarginPercentYoY" time="3.715" classname="com.boomerang.canvas.suite.Testcases">
    <failure type="java.lang.AssertionError" message="expected [44.1%] but found [36.39%]">
      <![CDATA[java.lang.AssertionError: expected [44.1%] but found [36.39%]
	at org.testng.Assert.fail(Assert.java:94)
	at org.testng.Assert.failNotEquals(Assert.java:496)
	at org.testng.Assert.assertEquals(Assert.java:125)
	at org.testng.Assert.assertEquals(Assert.java:178)
	at org.testng.Assert.assertEquals(Assert.java:188)
	at com.boomerang.canvas.genericlibrary.Genericlib.getYOYandPVPvalues(Genericlib.java:171)
	at com.boomerang.canvas.suite.Testcases.getMarginPercentYoY(Testcases.java:199)
	at sun.reflect.NativeMethodAccessorImpl.invoke0(Native Method)
	at sun.reflect.NativeMethodAccessorImpl.invoke(NativeMethodAccessorImpl.java:62)
	at sun.reflect.DelegatingMethodAccessorImpl.invoke(DelegatingMethodAccessorImpl.java:43)
	at java.lang.reflect.Method.invoke(Method.java:498)
	at org.testng.internal.MethodInvocationHelper.invokeMethod(MethodInvocationHelper.java:85)
	at org.testng.internal.Invoker.invokeMethod(Invoker.java:659)
	at org.testng.internal.Invoker.invokeTestMethod(Invoker.java:845)
	at org.testng.internal.Invoker.invokeTestMethods(Invoker.java:1153)
	at org.testng.internal.TestMethodWorker.invokeTestMethods(TestMethodWorker.java:125)
	at org.testng.internal.TestMethodWorker.run(TestMethodWorker.java:108)
	at org.testng.TestRunner.privateRun(TestRunner.java:771)
	at org.testng.TestRunner.run(TestRunner.java:621)
	at org.testng.SuiteRunner.runTest(SuiteRunner.java:357)
	at org.testng.SuiteRunner.runSequentially(SuiteRunner.java:352)
	at org.testng.SuiteRunner.privateRun(SuiteRunner.java:310)
	at org.testng.SuiteRunner.run(SuiteRunner.java:259)
	at org.testng.SuiteRunnerWorker.runSuite(SuiteRunnerWorker.java:52)
	at org.testng.SuiteRunnerWorker.run(SuiteRunnerWorker.java:86)
	at org.testng.TestNG.runSuitesSequentially(TestNG.java:1199)
	at org.testng.TestNG.runSuitesLocally(TestNG.java:1124)
	at org.testng.TestNG.run(TestNG.java:1032)
	at com.boomerang.canvas.suite.Testsuite.runTests(Testsuite.java:85)
	at com.boomerang.canvas.suite.Testsuite.suitetest(Testsuite.java:98)
	at com.boomerang.canvas.suite.Testsuite.main(Testsuite.java:106)
]]>
    </failure>
  </testcase> <!-- getMarginPercentYoY -->
  <testcase name="getMarginPercentPvP" time="3.343" classname="com.boomerang.canvas.suite.Testcases">
    <failure type="java.lang.AssertionError" message="expected [33.7%] but found [-33.71%]">
      <![CDATA[java.lang.AssertionError: expected [33.7%] but found [-33.71%]
	at org.testng.Assert.fail(Assert.java:94)
	at org.testng.Assert.failNotEquals(Assert.java:496)
	at org.testng.Assert.assertEquals(Assert.java:125)
	at org.testng.Assert.assertEquals(Assert.java:178)
	at org.testng.Assert.assertEquals(Assert.java:188)
	at com.boomerang.canvas.genericlibrary.Genericlib.getYOYandPVPvalues(Genericlib.java:171)
	at com.boomerang.canvas.suite.Testcases.getMarginPercentPvP(Testcases.java:205)
	at sun.reflect.NativeMethodAccessorImpl.invoke0(Native Method)
	at sun.reflect.NativeMethodAccessorImpl.invoke(NativeMethodAccessorImpl.java:62)
	at sun.reflect.DelegatingMethodAccessorImpl.invoke(DelegatingMethodAccessorImpl.java:43)
	at java.lang.reflect.Method.invoke(Method.java:498)
	at org.testng.internal.MethodInvocationHelper.invokeMethod(MethodInvocationHelper.java:85)
	at org.testng.internal.Invoker.invokeMethod(Invoker.java:659)
	at org.testng.internal.Invoker.invokeTestMethod(Invoker.java:845)
	at org.testng.internal.Invoker.invokeTestMethods(Invoker.java:1153)
	at org.testng.internal.TestMethodWorker.invokeTestMethods(TestMethodWorker.java:125)
	at org.testng.internal.TestMethodWorker.run(TestMethodWorker.java:108)
	at org.testng.TestRunner.privateRun(TestRunner.java:771)
	at org.testng.TestRunner.run(TestRunner.java:621)
	at org.testng.SuiteRunner.runTest(SuiteRunner.java:357)
	at org.testng.SuiteRunner.runSequentially(SuiteRunner.java:352)
	at org.testng.SuiteRunner.privateRun(SuiteRunner.java:310)
	at org.testng.SuiteRunner.run(SuiteRunner.java:259)
	at org.testng.SuiteRunnerWorker.runSuite(SuiteRunnerWorker.java:52)
	at org.testng.SuiteRunnerWorker.run(SuiteRunnerWorker.java:86)
	at org.testng.TestNG.runSuitesSequentially(TestNG.java:1199)
	at org.testng.TestNG.runSuitesLocally(TestNG.java:1124)
	at org.testng.TestNG.run(TestNG.java:1032)
	at com.boomerang.canvas.suite.Testsuite.runTests(Testsuite.java:85)
	at com.boomerang.canvas.suite.Testsuite.suitetest(Testsuite.java:98)
	at com.boomerang.canvas.suite.Testsuite.main(Testsuite.java:106)
]]>
    </failure>
  </testcase> <!-- getMarginPercentPvP -->
  <testcase name="isUnitsTextPresent" time="12.098" classname="com.boomerang.canvas.suite.Testcases"/>
  <testcase name="getbigmoversBrandsLosersdata" time="5.511" classname="com.boomerang.canvas.suite.Testcases"/>
  <testcase name="getMarginPVPPercent" time="3.187" classname="com.boomerang.canvas.suite.Testcases"/>
  <testcase name="isBigmoversWinnnersTextpresent" time="3.181" classname="com.boomerang.canvas.suite.Testcases"/>
  <testcase name="getPageViewsYoYPercent" time="3.220" classname="com.boomerang.canvas.suite.Testcases"/>
  <testcase name="invalidLoginWithEmptyUsernameEmptyPassword" time="3.409" classname="com.boomerang.canvas.suite.Testcases"/>
  <testcase name="getbigmoversallWinnersdata" time="5.574" classname="com.boomerang.canvas.suite.Testcases"/>
  <testcase name="getbigmoversCategoriesWinnersdata" time="5.387" classname="com.boomerang.canvas.suite.Testcases"/>
  <testcase name="validLogin" time="15.072" classname="com.boomerang.canvas.suite.Testcases"/>
  <testcase name="isAvgSalePriceTextPresent" time="2.978" classname="com.boomerang.canvas.suite.Testcases"/>
  <testcase name="isBigmoversCategoriesTextpresent" time="3.300" classname="com.boomerang.canvas.suite.Testcases"/>
  <testcase name="getPageViewsValue" time="3.385" classname="com.boomerang.canvas.suite.Testcases"/>
  <testcase name="getMarginValue" time="4.326" classname="com.boomerang.canvas.suite.Testcases"/>
  <testcase name="getConversionValue" time="2.977" classname="com.boomerang.canvas.suite.Testcases"/>
  <testcase name="sentDates" time="10.107" classname="com.boomerang.canvas.suite.Testcases"/>
  <testcase name="getAvgSalePriceYoYPercent" time="5.294" classname="com.boomerang.canvas.suite.Testcases"/>
  <testcase name="isPageViewsPresent" time="3.117" classname="com.boomerang.canvas.suite.Testcases"/>
  <testcase name="isUnitsPerOrder" time="3.163" classname="com.boomerang.canvas.suite.Testcases"/>
  <testcase name="isHeaderRevenueTextPresent" time="3.822" classname="com.boomerang.canvas.suite.Testcases"/>
  <testcase name="getUnitsYoYPercent" time="2.977" classname="com.boomerang.canvas.suite.Testcases"/>
  <testcase name="isConversionPresent" time="3.072" classname="com.boomerang.canvas.suite.Testcases"/>
  <testcase name="getbigmoversallLosersdata" time="6.754" classname="com.boomerang.canvas.suite.Testcases"/>
  <testcase name="invalidLoginWithvalidUsernameEmptyPassword" time="5.906" classname="com.boomerang.canvas.suite.Testcases"/>
  <testcase name="isBigmoversBrandsTextpresent" time="3.249" classname="com.boomerang.canvas.suite.Testcases"/>
  <testcase name="sentDates" time="8.573" classname="com.boomerang.canvas.suite.Testcases"/>
  <testcase name="getBigmoversWinnerscategoriesYOYvalue" time="5.424" classname="com.boomerang.canvas.suite.Testcases"/>
  <testcase name="getBigmoversLoserscategoriesPVPvalue" time="8.287" classname="com.boomerang.canvas.suite.Testcases"/>
  <testcase name="getMarginYoYPercent" time="3.678" classname="com.boomerang.canvas.suite.Testcases"/>
  <testcase name="getBigmoversWinnersbrandsPVPvalue" time="6.066" classname="com.boomerang.canvas.suite.Testcases"/>
  <testcase name="getBigmoversLosersbrandsYOYvalue" time="5.525" classname="com.boomerang.canvas.suite.Testcases"/>
  <testcase name="sentDates" time="10.132" classname="com.boomerang.canvas.suite.Testcases"/>
  <testcase name="getPageViewsPvPPercent" time="3.281" classname="com.boomerang.canvas.suite.Testcases"/>
  <testcase name="invalidLoginWithInvalidUsernameinvalidPassword" time="3.959" classname="com.boomerang.canvas.suite.Testcases"/>
  <testcase name="getRevenuePercentPvP" time="3.160" classname="com.boomerang.canvas.suite.Testcases">
    <failure type="java.lang.AssertionError" message="expected [2.9%] but found [22.58%]">
      <![CDATA[java.lang.AssertionError: expected [2.9%] but found [22.58%]
	at org.testng.Assert.fail(Assert.java:94)
	at org.testng.Assert.failNotEquals(Assert.java:496)
	at org.testng.Assert.assertEquals(Assert.java:125)
	at org.testng.Assert.assertEquals(Assert.java:178)
	at org.testng.Assert.assertEquals(Assert.java:188)
	at com.boomerang.canvas.genericlibrary.Genericlib.getYOYandPVPvalues(Genericlib.java:171)
	at com.boomerang.canvas.suite.Testcases.getRevenuePercentPvP(Testcases.java:174)
	at sun.reflect.NativeMethodAccessorImpl.invoke0(Native Method)
	at sun.reflect.NativeMethodAccessorImpl.invoke(NativeMethodAccessorImpl.java:62)
	at sun.reflect.DelegatingMethodAccessorImpl.invoke(DelegatingMethodAccessorImpl.java:43)
	at java.lang.reflect.Method.invoke(Method.java:498)
	at org.testng.internal.MethodInvocationHelper.invokeMethod(MethodInvocationHelper.java:85)
	at org.testng.internal.Invoker.invokeMethod(Invoker.java:659)
	at org.testng.internal.Invoker.invokeTestMethod(Invoker.java:845)
	at org.testng.internal.Invoker.invokeTestMethods(Invoker.java:1153)
	at org.testng.internal.TestMethodWorker.invokeTestMethods(TestMethodWorker.java:125)
	at org.testng.internal.TestMethodWorker.run(TestMethodWorker.java:108)
	at org.testng.TestRunner.privateRun(TestRunner.java:771)
	at org.testng.TestRunner.run(TestRunner.java:621)
	at org.testng.SuiteRunner.runTest(SuiteRunner.java:357)
	at org.testng.SuiteRunner.runSequentially(SuiteRunner.java:352)
	at org.testng.SuiteRunner.privateRun(SuiteRunner.java:310)
	at org.testng.SuiteRunner.run(SuiteRunner.java:259)
	at org.testng.SuiteRunnerWorker.runSuite(SuiteRunnerWorker.java:52)
	at org.testng.SuiteRunnerWorker.run(SuiteRunnerWorker.java:86)
	at org.testng.TestNG.runSuitesSequentially(TestNG.java:1199)
	at org.testng.TestNG.runSuitesLocally(TestNG.java:1124)
	at org.testng.TestNG.run(TestNG.java:1032)
	at com.boomerang.canvas.suite.Testsuite.runTests(Testsuite.java:85)
	at com.boomerang.canvas.suite.Testsuite.suitetest(Testsuite.java:98)
	at com.boomerang.canvas.suite.Testsuite.main(Testsuite.java:106)
]]>
    </failure>
  </testcase> <!-- getRevenuePercentPvP -->
  <testcase name="getbigmoversBrandsWinnersdata" time="6.271" classname="com.boomerang.canvas.suite.Testcases"/>
  <testcase name="getBigmoversWinnersallPVPvalue" time="5.174" classname="com.boomerang.canvas.suite.Testcases"/>
  <testcase name="getRevenueYoYPercent" time="2.864" classname="com.boomerang.canvas.suite.Testcases"/>
  <testcase name="getBigmoversWinnerscategoriesPVPvalue" time="5.423" classname="com.boomerang.canvas.suite.Testcases"/>
  <testcase name="getBigmoversWinnersbrandsYOYvalue" time="5.425" classname="com.boomerang.canvas.suite.Testcases"/>
  <testcase name="getMarginValueInDollars" time="3.978" classname="com.boomerang.canvas.suite.Testcases"/>
  <testcase name="getRevenueValue" time="4.395" classname="com.boomerang.canvas.suite.Testcases"/>
  <testcase name="getUnitsValue" time="3.460" classname="com.boomerang.canvas.suite.Testcases"/>
</testsuite> <!-- com.boomerang.canvas.suite.Testcases -->
