<?xml version="1.0" encoding="UTF-8"?>
<!-- Generated by org.testng.reporters.JUnitXMLReporter -->
<testsuite hostname="Boomerangs-MacBook-Pro.local" name="getMarginPercentPvP" tests="1" failures="1" timestamp="3 Apr 2017 10:02:20 GMT" time="3.343" errors="0">
  <testcase name="getMarginPercentPvP" time="0.066" classname="com.boomerang.canvas.suite.Testcases">
    <failure type="java.lang.AssertionError" message="expected [33.7%] but found [-33.71%]">
      <![CDATA[java.lang.AssertionError: expected [33.7%] but found [-33.71%]
	at com.boomerang.canvas.genericlibrary.Genericlib.getYOYandPVPvalues(Genericlib.java:171)
	at com.boomerang.canvas.suite.Testcases.getMarginPercentPvP(Testcases.java:205)
	at com.boomerang.canvas.suite.Testsuite.runTests(Testsuite.java:85)
	at com.boomerang.canvas.suite.Testsuite.suitetest(Testsuite.java:98)
	at com.boomerang.canvas.suite.Testsuite.main(Testsuite.java:106)
... Removed 26 stack frames]]>
    </failure>
  </testcase> <!-- getMarginPercentPvP -->
</testsuite> <!-- getMarginPercentPvP -->
