<?xml version="1.0" encoding="UTF-8"?>
<!-- Generated by org.testng.reporters.JUnitXMLReporter -->
<testsuite hostname="Boomerangs-MacBook-Pro.local" name="getRevenuePercentPvP" tests="1" failures="1" timestamp="3 Apr 2017 10:02:06 GMT" time="3.16" errors="0">
  <testcase name="getRevenuePercentPvP" time="0.069" classname="com.boomerang.canvas.suite.Testcases">
    <failure type="java.lang.AssertionError" message="expected [2.9%] but found [22.58%]">
      <![CDATA[java.lang.AssertionError: expected [2.9%] but found [22.58%]
	at com.boomerang.canvas.genericlibrary.Genericlib.getYOYandPVPvalues(Genericlib.java:171)
	at com.boomerang.canvas.suite.Testcases.getRevenuePercentPvP(Testcases.java:174)
	at com.boomerang.canvas.suite.Testsuite.runTests(Testsuite.java:85)
	at com.boomerang.canvas.suite.Testsuite.suitetest(Testsuite.java:98)
	at com.boomerang.canvas.suite.Testsuite.main(Testsuite.java:106)
... Removed 26 stack frames]]>
    </failure>
  </testcase> <!-- getRevenuePercentPvP -->
</testsuite> <!-- getRevenuePercentPvP -->
