<?xml version="1.0" encoding="UTF-8"?>
<!-- Generated by org.testng.reporters.JUnitXMLReporter -->
<testsuite hostname="Boomerangs-MacBook-Pro.local" name="getMarginValueInDollars" tests="1" failures="1" timestamp="3 Apr 2017 13:52:42 GMT" time="0.494" errors="0">
  <testcase name="getMarginValueInDollars" time="0.096" classname="com.boomerang.canvas.suite.Testcases">
    <failure type="java.lang.AssertionError" message="expected [$65.1M] but found [$53.8M]">
      <![CDATA[java.lang.AssertionError: expected [$65.1M] but found [$53.8M]
	at com.boomerang.canvas.suite.Testcases.getMarginValueInDollars(Testcases.java:190)
	at com.boomerang.canvas.suite.Testsuite.runTests(Testsuite.java:85)
	at com.boomerang.canvas.suite.Testsuite.suitetest(Testsuite.java:98)
	at com.boomerang.canvas.suite.Testsuite.main(Testsuite.java:106)
... Removed 26 stack frames]]>
    </failure>
  </testcase> <!-- getMarginValueInDollars -->
</testsuite> <!-- getMarginValueInDollars -->
