<?xml version="1.0" encoding="UTF-8"?>
<!-- Generated by org.testng.reporters.JUnitReportReporter -->
<testsuite hostname="Boomerangs-MacBook-Pro.local" name="com.boomerang.canvas.suite.Testcases" tests="67" failures="8" timestamp="3 Apr 2017 13:54:03 GMT" time="99.539" errors="1">
  <testcase name="isRevenueTextPresent" time="0.453" classname="com.boomerang.canvas.suite.Testcases"/>
  <testcase name="getBigmoversLosersallYOYvalue" time="2.636" classname="com.boomerang.canvas.suite.Testcases">
    <failure type="java.lang.AssertionError" message="expected [306] but found [25]">
      <![CDATA[java.lang.AssertionError: expected [306] but found [25]
	at org.testng.Assert.fail(Assert.java:94)
	at org.testng.Assert.failNotEquals(Assert.java:496)
	at org.testng.Assert.assertEquals(Assert.java:125)
	at org.testng.Assert.assertEquals(Assert.java:178)
	at org.testng.Assert.assertEquals(Assert.java:188)
	at com.boomerang.canvas.genericlibrary.Genericlib.getlist(Genericlib.java:97)
	at com.boomerang.canvas.suite.Testcases.getBigmoversLosersallYOYvalue(Testcases.java:598)
	at sun.reflect.NativeMethodAccessorImpl.invoke0(Native Method)
	at sun.reflect.NativeMethodAccessorImpl.invoke(NativeMethodAccessorImpl.java:62)
	at sun.reflect.DelegatingMethodAccessorImpl.invoke(DelegatingMethodAccessorImpl.java:43)
	at java.lang.reflect.Method.invoke(Method.java:498)
	at org.testng.internal.MethodInvocationHelper.invokeMethod(MethodInvocationHelper.java:85)
	at org.testng.internal.Invoker.invokeMethod(Invoker.java:659)
	at org.testng.internal.Invoker.invokeTestMethod(Invoker.java:845)
	at org.testng.internal.Invoker.invokeTestMethods(Invoker.java:1153)
	at org.testng.internal.TestMethodWorker.invokeTestMethods(TestMethodWorker.java:125)
	at org.testng.internal.TestMethodWorker.run(TestMethodWorker.java:108)
	at org.testng.TestRunner.privateRun(TestRunner.java:771)
	at org.testng.TestRunner.run(TestRunner.java:621)
	at org.testng.SuiteRunner.runTest(SuiteRunner.java:357)
	at org.testng.SuiteRunner.runSequentially(SuiteRunner.java:352)
	at org.testng.SuiteRunner.privateRun(SuiteRunner.java:310)
	at org.testng.SuiteRunner.run(SuiteRunner.java:259)
	at org.testng.SuiteRunnerWorker.runSuite(SuiteRunnerWorker.java:52)
	at org.testng.SuiteRunnerWorker.run(SuiteRunnerWorker.java:86)
	at org.testng.TestNG.runSuitesSequentially(TestNG.java:1199)
	at org.testng.TestNG.runSuitesLocally(TestNG.java:1124)
	at org.testng.TestNG.run(TestNG.java:1032)
	at com.boomerang.canvas.suite.Testsuite.runTests(Testsuite.java:85)
	at com.boomerang.canvas.suite.Testsuite.suitetest(Testsuite.java:98)
	at com.boomerang.canvas.suite.Testsuite.main(Testsuite.java:106)
]]>
    </failure>
  </testcase> <!-- getBigmoversLosersallYOYvalue -->
  <testcase name="getBigmoversLosersallPVPvalue" time="2.818" classname="com.boomerang.canvas.suite.Testcases">
    <failure type="java.lang.AssertionError" message="expected [449.5] but found [23.4]">
      <![CDATA[java.lang.AssertionError: expected [449.5] but found [23.4]
	at org.testng.Assert.fail(Assert.java:94)
	at org.testng.Assert.failNotEquals(Assert.java:496)
	at org.testng.Assert.assertEquals(Assert.java:125)
	at org.testng.Assert.assertEquals(Assert.java:178)
	at org.testng.Assert.assertEquals(Assert.java:188)
	at com.boomerang.canvas.genericlibrary.Genericlib.getlist(Genericlib.java:97)
	at com.boomerang.canvas.suite.Testcases.getBigmoversLosersallPVPvalue(Testcases.java:684)
	at sun.reflect.NativeMethodAccessorImpl.invoke0(Native Method)
	at sun.reflect.NativeMethodAccessorImpl.invoke(NativeMethodAccessorImpl.java:62)
	at sun.reflect.DelegatingMethodAccessorImpl.invoke(DelegatingMethodAccessorImpl.java:43)
	at java.lang.reflect.Method.invoke(Method.java:498)
	at org.testng.internal.MethodInvocationHelper.invokeMethod(MethodInvocationHelper.java:85)
	at org.testng.internal.Invoker.invokeMethod(Invoker.java:659)
	at org.testng.internal.Invoker.invokeTestMethod(Invoker.java:845)
	at org.testng.internal.Invoker.invokeTestMethods(Invoker.java:1153)
	at org.testng.internal.TestMethodWorker.invokeTestMethods(TestMethodWorker.java:125)
	at org.testng.internal.TestMethodWorker.run(TestMethodWorker.java:108)
	at org.testng.TestRunner.privateRun(TestRunner.java:771)
	at org.testng.TestRunner.run(TestRunner.java:621)
	at org.testng.SuiteRunner.runTest(SuiteRunner.java:357)
	at org.testng.SuiteRunner.runSequentially(SuiteRunner.java:352)
	at org.testng.SuiteRunner.privateRun(SuiteRunner.java:310)
	at org.testng.SuiteRunner.run(SuiteRunner.java:259)
	at org.testng.SuiteRunnerWorker.runSuite(SuiteRunnerWorker.java:52)
	at org.testng.SuiteRunnerWorker.run(SuiteRunnerWorker.java:86)
	at org.testng.TestNG.runSuitesSequentially(TestNG.java:1199)
	at org.testng.TestNG.runSuitesLocally(TestNG.java:1124)
	at org.testng.TestNG.run(TestNG.java:1032)
	at com.boomerang.canvas.suite.Testsuite.runTests(Testsuite.java:85)
	at com.boomerang.canvas.suite.Testsuite.suitetest(Testsuite.java:98)
	at com.boomerang.canvas.suite.Testsuite.main(Testsuite.java:106)
]]>
    </failure>
  </testcase> <!-- getBigmoversLosersallPVPvalue -->
  <testcase name="getPageViewsYoYPercent" time="0.444" classname="com.boomerang.canvas.suite.Testcases"/>
  <testcase name="getbigmoversallWinnersdata" time="2.594" classname="com.boomerang.canvas.suite.Testcases"/>
  <testcase name="getMarginYoYPercent" time="0.458" classname="com.boomerang.canvas.suite.Testcases"/>
  <testcase name="getRevenuePercentYoY" time="0.976" classname="com.boomerang.canvas.suite.Testcases">
    <failure type="java.lang.AssertionError" message="expected [30%] but found [30.78%]">
      <![CDATA[java.lang.AssertionError: expected [30%] but found [30.78%]
	at org.testng.Assert.fail(Assert.java:94)
	at org.testng.Assert.failNotEquals(Assert.java:496)
	at org.testng.Assert.assertEquals(Assert.java:125)
	at org.testng.Assert.assertEquals(Assert.java:178)
	at org.testng.Assert.assertEquals(Assert.java:188)
	at com.boomerang.canvas.genericlibrary.Genericlib.getYOYandPVPvalues(Genericlib.java:171)
	at com.boomerang.canvas.suite.Testcases.getRevenuePercentYoY(Testcases.java:166)
	at sun.reflect.NativeMethodAccessorImpl.invoke0(Native Method)
	at sun.reflect.NativeMethodAccessorImpl.invoke(NativeMethodAccessorImpl.java:62)
	at sun.reflect.DelegatingMethodAccessorImpl.invoke(DelegatingMethodAccessorImpl.java:43)
	at java.lang.reflect.Method.invoke(Method.java:498)
	at org.testng.internal.MethodInvocationHelper.invokeMethod(MethodInvocationHelper.java:85)
	at org.testng.internal.Invoker.invokeMethod(Invoker.java:659)
	at org.testng.internal.Invoker.invokeTestMethod(Invoker.java:845)
	at org.testng.internal.Invoker.invokeTestMethods(Invoker.java:1153)
	at org.testng.internal.TestMethodWorker.invokeTestMethods(TestMethodWorker.java:125)
	at org.testng.internal.TestMethodWorker.run(TestMethodWorker.java:108)
	at org.testng.TestRunner.privateRun(TestRunner.java:771)
	at org.testng.TestRunner.run(TestRunner.java:621)
	at org.testng.SuiteRunner.runTest(SuiteRunner.java:357)
	at org.testng.SuiteRunner.runSequentially(SuiteRunner.java:352)
	at org.testng.SuiteRunner.privateRun(SuiteRunner.java:310)
	at org.testng.SuiteRunner.run(SuiteRunner.java:259)
	at org.testng.SuiteRunnerWorker.runSuite(SuiteRunnerWorker.java:52)
	at org.testng.SuiteRunnerWorker.run(SuiteRunnerWorker.java:86)
	at org.testng.TestNG.runSuitesSequentially(TestNG.java:1199)
	at org.testng.TestNG.runSuitesLocally(TestNG.java:1124)
	at org.testng.TestNG.run(TestNG.java:1032)
	at com.boomerang.canvas.suite.Testsuite.runTests(Testsuite.java:85)
	at com.boomerang.canvas.suite.Testsuite.suitetest(Testsuite.java:98)
	at com.boomerang.canvas.suite.Testsuite.main(Testsuite.java:106)
]]>
    </failure>
  </testcase> <!-- getRevenuePercentYoY -->
  <testcase name="isAvgSalePriceTextPresent" time="0.446" classname="com.boomerang.canvas.suite.Testcases"/>
  <testcase name="getBigmoversLosersbrandsPVPvalue" time="2.746" classname="com.boomerang.canvas.suite.Testcases"/>
  <testcase name="getBigmoversWinnerscategoriesPVPvalue" time="2.641" classname="com.boomerang.canvas.suite.Testcases"/>
  <testcase name="getAvgSalePricePvPPercent" time="0.458" classname="com.boomerang.canvas.suite.Testcases"/>
  <testcase name="getMarginPercentPvP" time="0.480" classname="com.boomerang.canvas.suite.Testcases">
    <failure type="java.lang.AssertionError" message="expected [33.7%] but found [5.75%]">
      <![CDATA[java.lang.AssertionError: expected [33.7%] but found [5.75%]
	at org.testng.Assert.fail(Assert.java:94)
	at org.testng.Assert.failNotEquals(Assert.java:496)
	at org.testng.Assert.assertEquals(Assert.java:125)
	at org.testng.Assert.assertEquals(Assert.java:178)
	at org.testng.Assert.assertEquals(Assert.java:188)
	at com.boomerang.canvas.genericlibrary.Genericlib.getYOYandPVPvalues(Genericlib.java:171)
	at com.boomerang.canvas.suite.Testcases.getMarginPercentPvP(Testcases.java:203)
	at sun.reflect.NativeMethodAccessorImpl.invoke0(Native Method)
	at sun.reflect.NativeMethodAccessorImpl.invoke(NativeMethodAccessorImpl.java:62)
	at sun.reflect.DelegatingMethodAccessorImpl.invoke(DelegatingMethodAccessorImpl.java:43)
	at java.lang.reflect.Method.invoke(Method.java:498)
	at org.testng.internal.MethodInvocationHelper.invokeMethod(MethodInvocationHelper.java:85)
	at org.testng.internal.Invoker.invokeMethod(Invoker.java:659)
	at org.testng.internal.Invoker.invokeTestMethod(Invoker.java:845)
	at org.testng.internal.Invoker.invokeTestMethods(Invoker.java:1153)
	at org.testng.internal.TestMethodWorker.invokeTestMethods(TestMethodWorker.java:125)
	at org.testng.internal.TestMethodWorker.run(TestMethodWorker.java:108)
	at org.testng.TestRunner.privateRun(TestRunner.java:771)
	at org.testng.TestRunner.run(TestRunner.java:621)
	at org.testng.SuiteRunner.runTest(SuiteRunner.java:357)
	at org.testng.SuiteRunner.runSequentially(SuiteRunner.java:352)
	at org.testng.SuiteRunner.privateRun(SuiteRunner.java:310)
	at org.testng.SuiteRunner.run(SuiteRunner.java:259)
	at org.testng.SuiteRunnerWorker.runSuite(SuiteRunnerWorker.java:52)
	at org.testng.SuiteRunnerWorker.run(SuiteRunnerWorker.java:86)
	at org.testng.TestNG.runSuitesSequentially(TestNG.java:1199)
	at org.testng.TestNG.runSuitesLocally(TestNG.java:1124)
	at org.testng.TestNG.run(TestNG.java:1032)
	at com.boomerang.canvas.suite.Testsuite.runTests(Testsuite.java:85)
	at com.boomerang.canvas.suite.Testsuite.suitetest(Testsuite.java:98)
	at com.boomerang.canvas.suite.Testsuite.main(Testsuite.java:106)
]]>
    </failure>
  </testcase> <!-- getMarginPercentPvP -->
  <testcase name="getRevenuePercentPvP" time="0.752" classname="com.boomerang.canvas.suite.Testcases">
    <failure type="java.lang.AssertionError" message="expected [2.9%] but found [22.58%]">
      <![CDATA[java.lang.AssertionError: expected [2.9%] but found [22.58%]
	at org.testng.Assert.fail(Assert.java:94)
	at org.testng.Assert.failNotEquals(Assert.java:496)
	at org.testng.Assert.assertEquals(Assert.java:125)
	at org.testng.Assert.assertEquals(Assert.java:178)
	at org.testng.Assert.assertEquals(Assert.java:188)
	at com.boomerang.canvas.genericlibrary.Genericlib.getYOYandPVPvalues(Genericlib.java:171)
	at com.boomerang.canvas.suite.Testcases.getRevenuePercentPvP(Testcases.java:172)
	at sun.reflect.NativeMethodAccessorImpl.invoke0(Native Method)
	at sun.reflect.NativeMethodAccessorImpl.invoke(NativeMethodAccessorImpl.java:62)
	at sun.reflect.DelegatingMethodAccessorImpl.invoke(DelegatingMethodAccessorImpl.java:43)
	at java.lang.reflect.Method.invoke(Method.java:498)
	at org.testng.internal.MethodInvocationHelper.invokeMethod(MethodInvocationHelper.java:85)
	at org.testng.internal.Invoker.invokeMethod(Invoker.java:659)
	at org.testng.internal.Invoker.invokeTestMethod(Invoker.java:845)
	at org.testng.internal.Invoker.invokeTestMethods(Invoker.java:1153)
	at org.testng.internal.TestMethodWorker.invokeTestMethods(TestMethodWorker.java:125)
	at org.testng.internal.TestMethodWorker.run(TestMethodWorker.java:108)
	at org.testng.TestRunner.privateRun(TestRunner.java:771)
	at org.testng.TestRunner.run(TestRunner.java:621)
	at org.testng.SuiteRunner.runTest(SuiteRunner.java:357)
	at org.testng.SuiteRunner.runSequentially(SuiteRunner.java:352)
	at org.testng.SuiteRunner.privateRun(SuiteRunner.java:310)
	at org.testng.SuiteRunner.run(SuiteRunner.java:259)
	at org.testng.SuiteRunnerWorker.runSuite(SuiteRunnerWorker.java:52)
	at org.testng.SuiteRunnerWorker.run(SuiteRunnerWorker.java:86)
	at org.testng.TestNG.runSuitesSequentially(TestNG.java:1199)
	at org.testng.TestNG.runSuitesLocally(TestNG.java:1124)
	at org.testng.TestNG.run(TestNG.java:1032)
	at com.boomerang.canvas.suite.Testsuite.runTests(Testsuite.java:85)
	at com.boomerang.canvas.suite.Testsuite.suitetest(Testsuite.java:98)
	at com.boomerang.canvas.suite.Testsuite.main(Testsuite.java:106)
]]>
    </failure>
  </testcase> <!-- getRevenuePercentPvP -->
  <testcase name="getConversionYoYPercent" time="0.454" classname="com.boomerang.canvas.suite.Testcases"/>
  <testcase name="isBigmoversAllTextpresent" time="0.477" classname="com.boomerang.canvas.suite.Testcases"/>
  <testcase name="getbigmoversCategoriesLosersdata" time="2.649" classname="com.boomerang.canvas.suite.Testcases"/>
  <testcase name="getMarginPVPPercent" time="0.521" classname="com.boomerang.canvas.suite.Testcases"/>
  <testcase name="isBigmoversWinnnersTextpresent" time="0.451" classname="com.boomerang.canvas.suite.Testcases"/>
  <testcase name="validLogin" time="9.086" classname="com.boomerang.canvas.suite.Testcases"/>
  <testcase name="getMarginPercentYoY" time="0.594" classname="com.boomerang.canvas.suite.Testcases">
    <failure type="java.lang.AssertionError" message="expected [44.1%] but found [36.39%]">
      <![CDATA[java.lang.AssertionError: expected [44.1%] but found [36.39%]
	at org.testng.Assert.fail(Assert.java:94)
	at org.testng.Assert.failNotEquals(Assert.java:496)
	at org.testng.Assert.assertEquals(Assert.java:125)
	at org.testng.Assert.assertEquals(Assert.java:178)
	at org.testng.Assert.assertEquals(Assert.java:188)
	at com.boomerang.canvas.genericlibrary.Genericlib.getYOYandPVPvalues(Genericlib.java:171)
	at com.boomerang.canvas.suite.Testcases.getMarginPercentYoY(Testcases.java:197)
	at sun.reflect.NativeMethodAccessorImpl.invoke0(Native Method)
	at sun.reflect.NativeMethodAccessorImpl.invoke(NativeMethodAccessorImpl.java:62)
	at sun.reflect.DelegatingMethodAccessorImpl.invoke(DelegatingMethodAccessorImpl.java:43)
	at java.lang.reflect.Method.invoke(Method.java:498)
	at org.testng.internal.MethodInvocationHelper.invokeMethod(MethodInvocationHelper.java:85)
	at org.testng.internal.Invoker.invokeMethod(Invoker.java:659)
	at org.testng.internal.Invoker.invokeTestMethod(Invoker.java:845)
	at org.testng.internal.Invoker.invokeTestMethods(Invoker.java:1153)
	at org.testng.internal.TestMethodWorker.invokeTestMethods(TestMethodWorker.java:125)
	at org.testng.internal.TestMethodWorker.run(TestMethodWorker.java:108)
	at org.testng.TestRunner.privateRun(TestRunner.java:771)
	at org.testng.TestRunner.run(TestRunner.java:621)
	at org.testng.SuiteRunner.runTest(SuiteRunner.java:357)
	at org.testng.SuiteRunner.runSequentially(SuiteRunner.java:352)
	at org.testng.SuiteRunner.privateRun(SuiteRunner.java:310)
	at org.testng.SuiteRunner.run(SuiteRunner.java:259)
	at org.testng.SuiteRunnerWorker.runSuite(SuiteRunnerWorker.java:52)
	at org.testng.SuiteRunnerWorker.run(SuiteRunnerWorker.java:86)
	at org.testng.TestNG.runSuitesSequentially(TestNG.java:1199)
	at org.testng.TestNG.runSuitesLocally(TestNG.java:1124)
	at org.testng.TestNG.run(TestNG.java:1032)
	at com.boomerang.canvas.suite.Testsuite.runTests(Testsuite.java:85)
	at com.boomerang.canvas.suite.Testsuite.suitetest(Testsuite.java:98)
	at com.boomerang.canvas.suite.Testsuite.main(Testsuite.java:106)
]]>
    </failure>
  </testcase> <!-- getMarginPercentYoY -->
  <testcase name="getMarginValueInDollars" time="0.493" classname="com.boomerang.canvas.suite.Testcases">
    <failure type="java.lang.AssertionError" message="expected [$65.1M] but found [$53.8M]">
      <![CDATA[java.lang.AssertionError: expected [$65.1M] but found [$53.8M]
	at org.testng.Assert.fail(Assert.java:94)
	at org.testng.Assert.failNotEquals(Assert.java:496)
	at org.testng.Assert.assertEquals(Assert.java:125)
	at org.testng.Assert.assertEquals(Assert.java:178)
	at org.testng.Assert.assertEquals(Assert.java:188)
	at com.boomerang.canvas.suite.Testcases.getMarginValueInDollars(Testcases.java:190)
	at sun.reflect.NativeMethodAccessorImpl.invoke0(Native Method)
	at sun.reflect.NativeMethodAccessorImpl.invoke(NativeMethodAccessorImpl.java:62)
	at sun.reflect.DelegatingMethodAccessorImpl.invoke(DelegatingMethodAccessorImpl.java:43)
	at java.lang.reflect.Method.invoke(Method.java:498)
	at org.testng.internal.MethodInvocationHelper.invokeMethod(MethodInvocationHelper.java:85)
	at org.testng.internal.Invoker.invokeMethod(Invoker.java:659)
	at org.testng.internal.Invoker.invokeTestMethod(Invoker.java:845)
	at org.testng.internal.Invoker.invokeTestMethods(Invoker.java:1153)
	at org.testng.internal.TestMethodWorker.invokeTestMethods(TestMethodWorker.java:125)
	at org.testng.internal.TestMethodWorker.run(TestMethodWorker.java:108)
	at org.testng.TestRunner.privateRun(TestRunner.java:771)
	at org.testng.TestRunner.run(TestRunner.java:621)
	at org.testng.SuiteRunner.runTest(SuiteRunner.java:357)
	at org.testng.SuiteRunner.runSequentially(SuiteRunner.java:352)
	at org.testng.SuiteRunner.privateRun(SuiteRunner.java:310)
	at org.testng.SuiteRunner.run(SuiteRunner.java:259)
	at org.testng.SuiteRunnerWorker.runSuite(SuiteRunnerWorker.java:52)
	at org.testng.SuiteRunnerWorker.run(SuiteRunnerWorker.java:86)
	at org.testng.TestNG.runSuitesSequentially(TestNG.java:1199)
	at org.testng.TestNG.runSuitesLocally(TestNG.java:1124)
	at org.testng.TestNG.run(TestNG.java:1032)
	at com.boomerang.canvas.suite.Testsuite.runTests(Testsuite.java:85)
	at com.boomerang.canvas.suite.Testsuite.suitetest(Testsuite.java:98)
	at com.boomerang.canvas.suite.Testsuite.main(Testsuite.java:106)
]]>
    </failure>
  </testcase> <!-- getMarginValueInDollars -->
  <testcase name="getRevenueYoYPercent" time="0.451" classname="com.boomerang.canvas.suite.Testcases"/>
  <testcase name="getUnitsPerOrderValue" time="0.441" classname="com.boomerang.canvas.suite.Testcases"/>
  <testcase name="invalidLoginWithEmptyUsernameEmptyPassword" time="0.635" classname="com.boomerang.canvas.suite.Testcases"/>
  <testcase name="sentDates" time="6.015" classname="com.boomerang.canvas.suite.Testcases"/>
  <testcase name="isUnitsTextPresent" time="0.433" classname="com.boomerang.canvas.suite.Testcases"/>
  <testcase name="getUnitsPerOrderPvPPercent" time="0.448" classname="com.boomerang.canvas.suite.Testcases"/>
  <testcase name="getPageViewsValue" time="0.445" classname="com.boomerang.canvas.suite.Testcases"/>
  <testcase name="getBigmoversWinnersbrandsPVPvalue" time="2.592" classname="com.boomerang.canvas.suite.Testcases"/>
  <testcase name="isConversionPresent" time="0.431" classname="com.boomerang.canvas.suite.Testcases"/>
  <testcase name="isBigmoversCategoriesTextpresent" time="0.466" classname="com.boomerang.canvas.suite.Testcases"/>
  <testcase name="isBigmoversBrandsTextpresent" time="0.465" classname="com.boomerang.canvas.suite.Testcases"/>
  <testcase name="getMarginValue" time="0.582" classname="com.boomerang.canvas.suite.Testcases"/>
  <testcase name="sentDates" time="2.481" classname="com.boomerang.canvas.suite.Testcases">
    <error type="org.openqa.selenium.WebDriverException" message="unknown error: Element &lt;input type=&quot;text&quot; id=&quot;datePlaceholder&quot; class=&quot;form-control&quot; readonly=&quot;true&quot;&gt; is not clickable at point (125, 39). Other element would receive the click: &lt;div class=&quot;spinner1 busyIndicator&quot;&gt;...&lt;/div&gt;
  (Session info: chrome=57.0.2987.133)
  (Driver info: chromedriver=2.28.455517 (2c6d2707d8ea850c862f04ac066724273981e88f),platform=Mac OS X 10.11.6 x86_64) (WARNING: The server did not provide any stacktrace information)
Command duration or timeout: 54 milliseconds
Build info: version: &#039;unknown&#039;, revision: &#039;unknown&#039;, time: &#039;unknown&#039;
System info: host: &#039;Boomerangs-MacBook-Pro.local&#039;, ip: &#039;192.168.0.86&#039;, os.name: &#039;Mac OS X&#039;, os.arch: &#039;x86_64&#039;, os.version: &#039;10.11.6&#039;, java.version: &#039;1.8.0_74&#039;
Driver info: org.openqa.selenium.chrome.ChromeDriver
Capabilities [{applicationCacheEnabled=false, rotatable=false, mobileEmulationEnabled=false, networkConnectionEnabled=false, chrome={chromedriverVersion=2.28.455517 (2c6d2707d8ea850c862f04ac066724273981e88f), userDataDir=/var/folders/qk/987w364n4_v2kg3skqg6wl3r0000gn/T/.org.chromium.Chromium.gkGJHh}, takesHeapSnapshot=true, pageLoadStrategy=normal, databaseEnabled=false, handlesAlerts=true, hasTouchScreen=false, version=57.0.2987.133, platform=MAC, browserConnectionEnabled=false, nativeEvents=true, acceptSslCerts=true, locationContextEnabled=true, webStorageEnabled=true, browserName=chrome, takesScreenshot=true, javascriptEnabled=true, cssSelectorsEnabled=true, unexpectedAlertBehaviour=}]
Session ID: 5c23c3deb2f91d158d464a4b370855c7">
      <![CDATA[org.openqa.selenium.WebDriverException: unknown error: Element <input type="text" id="datePlaceholder" class="form-control" readonly="true"> is not clickable at point (125, 39). Other element would receive the click: <div class="spinner1 busyIndicator">...</div>
  (Session info: chrome=57.0.2987.133)
  (Driver info: chromedriver=2.28.455517 (2c6d2707d8ea850c862f04ac066724273981e88f),platform=Mac OS X 10.11.6 x86_64) (WARNING: The server did not provide any stacktrace information)
Command duration or timeout: 54 milliseconds
Build info: version: 'unknown', revision: 'unknown', time: 'unknown'
System info: host: 'Boomerangs-MacBook-Pro.local', ip: '192.168.0.86', os.name: 'Mac OS X', os.arch: 'x86_64', os.version: '10.11.6', java.version: '1.8.0_74'
Driver info: org.openqa.selenium.chrome.ChromeDriver
Capabilities [{applicationCacheEnabled=false, rotatable=false, mobileEmulationEnabled=false, networkConnectionEnabled=false, chrome={chromedriverVersion=2.28.455517 (2c6d2707d8ea850c862f04ac066724273981e88f), userDataDir=/var/folders/qk/987w364n4_v2kg3skqg6wl3r0000gn/T/.org.chromium.Chromium.gkGJHh}, takesHeapSnapshot=true, pageLoadStrategy=normal, databaseEnabled=false, handlesAlerts=true, hasTouchScreen=false, version=57.0.2987.133, platform=MAC, browserConnectionEnabled=false, nativeEvents=true, acceptSslCerts=true, locationContextEnabled=true, webStorageEnabled=true, browserName=chrome, takesScreenshot=true, javascriptEnabled=true, cssSelectorsEnabled=true, unexpectedAlertBehaviour=}]
Session ID: 5c23c3deb2f91d158d464a4b370855c7
	at sun.reflect.NativeConstructorAccessorImpl.newInstance0(Native Method)
	at sun.reflect.NativeConstructorAccessorImpl.newInstance(NativeConstructorAccessorImpl.java:62)
	at sun.reflect.DelegatingConstructorAccessorImpl.newInstance(DelegatingConstructorAccessorImpl.java:45)
	at java.lang.reflect.Constructor.newInstance(Constructor.java:423)
	at org.openqa.selenium.remote.ErrorHandler.createThrowable(ErrorHandler.java:204)
	at org.openqa.selenium.remote.ErrorHandler.throwIfResponseFailed(ErrorHandler.java:156)
	at org.openqa.selenium.remote.RemoteWebDriver.execute(RemoteWebDriver.java:605)
	at org.openqa.selenium.remote.RemoteWebElement.execute(RemoteWebElement.java:269)
	at org.openqa.selenium.remote.RemoteWebElement.click(RemoteWebElement.java:80)
	at com.boomerang.canvas.pageactions.Headerwidget.sentDates(Headerwidget.java:13)
	at com.boomerang.canvas.suite.Testcases.sentDates(Testcases.java:141)
	at sun.reflect.NativeMethodAccessorImpl.invoke0(Native Method)
	at sun.reflect.NativeMethodAccessorImpl.invoke(NativeMethodAccessorImpl.java:62)
	at sun.reflect.DelegatingMethodAccessorImpl.invoke(DelegatingMethodAccessorImpl.java:43)
	at java.lang.reflect.Method.invoke(Method.java:498)
	at org.testng.internal.MethodInvocationHelper.invokeMethod(MethodInvocationHelper.java:85)
	at org.testng.internal.Invoker.invokeMethod(Invoker.java:659)
	at org.testng.internal.Invoker.invokeTestMethod(Invoker.java:845)
	at org.testng.internal.Invoker.invokeTestMethods(Invoker.java:1153)
	at org.testng.internal.TestMethodWorker.invokeTestMethods(TestMethodWorker.java:125)
	at org.testng.internal.TestMethodWorker.run(TestMethodWorker.java:108)
	at org.testng.TestRunner.privateRun(TestRunner.java:771)
	at org.testng.TestRunner.run(TestRunner.java:621)
	at org.testng.SuiteRunner.runTest(SuiteRunner.java:357)
	at org.testng.SuiteRunner.runSequentially(SuiteRunner.java:352)
	at org.testng.SuiteRunner.privateRun(SuiteRunner.java:310)
	at org.testng.SuiteRunner.run(SuiteRunner.java:259)
	at org.testng.SuiteRunnerWorker.runSuite(SuiteRunnerWorker.java:52)
	at org.testng.SuiteRunnerWorker.run(SuiteRunnerWorker.java:86)
	at org.testng.TestNG.runSuitesSequentially(TestNG.java:1199)
	at org.testng.TestNG.runSuitesLocally(TestNG.java:1124)
	at org.testng.TestNG.run(TestNG.java:1032)
	at com.boomerang.canvas.suite.Testsuite.runTests(Testsuite.java:85)
	at com.boomerang.canvas.suite.Testsuite.suitetest(Testsuite.java:98)
	at com.boomerang.canvas.suite.Testsuite.main(Testsuite.java:106)
]]>
    </error>
  </testcase> <!-- sentDates -->
  <testcase name="getConversionValue" time="0.444" classname="com.boomerang.canvas.suite.Testcases"/>
  <testcase name="getBigmoversLosersbrandsYOYvalue" time="2.649" classname="com.boomerang.canvas.suite.Testcases"/>
  <testcase name="isMarginTextPresent" time="1.064" classname="com.boomerang.canvas.suite.Testcases"/>
  <testcase name="getRevenueValueInDollars" time="0.603" classname="com.boomerang.canvas.suite.Testcases">
    <failure type="java.lang.AssertionError" message="expected [$635.9M] but found [$382M]">
      <![CDATA[java.lang.AssertionError: expected [$635.9M] but found [$382M]
	at org.testng.Assert.fail(Assert.java:94)
	at org.testng.Assert.failNotEquals(Assert.java:496)
	at org.testng.Assert.assertEquals(Assert.java:125)
	at org.testng.Assert.assertEquals(Assert.java:178)
	at org.testng.Assert.assertEquals(Assert.java:188)
	at com.boomerang.canvas.suite.Testcases.getRevenueValueInDollars(Testcases.java:160)
	at sun.reflect.NativeMethodAccessorImpl.invoke0(Native Method)
	at sun.reflect.NativeMethodAccessorImpl.invoke(NativeMethodAccessorImpl.java:62)
	at sun.reflect.DelegatingMethodAccessorImpl.invoke(DelegatingMethodAccessorImpl.java:43)
	at java.lang.reflect.Method.invoke(Method.java:498)
	at org.testng.internal.MethodInvocationHelper.invokeMethod(MethodInvocationHelper.java:85)
	at org.testng.internal.Invoker.invokeMethod(Invoker.java:659)
	at org.testng.internal.Invoker.invokeTestMethod(Invoker.java:845)
	at org.testng.internal.Invoker.invokeTestMethods(Invoker.java:1153)
	at org.testng.internal.TestMethodWorker.invokeTestMethods(TestMethodWorker.java:125)
	at org.testng.internal.TestMethodWorker.run(TestMethodWorker.java:108)
	at org.testng.TestRunner.privateRun(TestRunner.java:771)
	at org.testng.TestRunner.run(TestRunner.java:621)
	at org.testng.SuiteRunner.runTest(SuiteRunner.java:357)
	at org.testng.SuiteRunner.runSequentially(SuiteRunner.java:352)
	at org.testng.SuiteRunner.privateRun(SuiteRunner.java:310)
	at org.testng.SuiteRunner.run(SuiteRunner.java:259)
	at org.testng.SuiteRunnerWorker.runSuite(SuiteRunnerWorker.java:52)
	at org.testng.SuiteRunnerWorker.run(SuiteRunnerWorker.java:86)
	at org.testng.TestNG.runSuitesSequentially(TestNG.java:1199)
	at org.testng.TestNG.runSuitesLocally(TestNG.java:1124)
	at org.testng.TestNG.run(TestNG.java:1032)
	at com.boomerang.canvas.suite.Testsuite.runTests(Testsuite.java:85)
	at com.boomerang.canvas.suite.Testsuite.suitetest(Testsuite.java:98)
	at com.boomerang.canvas.suite.Testsuite.main(Testsuite.java:106)
]]>
    </failure>
  </testcase> <!-- getRevenueValueInDollars -->
  <testcase name="getBigmoversWinnersallPVPvalue" time="2.843" classname="com.boomerang.canvas.suite.Testcases"/>
  <testcase name="getPageViewsPvPPercent" time="0.447" classname="com.boomerang.canvas.suite.Testcases"/>
  <testcase name="getbigmoversBrandsLosersdata" time="2.666" classname="com.boomerang.canvas.suite.Testcases"/>
  <testcase name="invalidLoginWithInvalidUsernameinvalidPassword" time="1.393" classname="com.boomerang.canvas.suite.Testcases"/>
  <testcase name="getAvgSalePriceValue" time="0.465" classname="com.boomerang.canvas.suite.Testcases"/>
  <testcase name="getBigmoversWinnersallYOYvalue" time="2.966" classname="com.boomerang.canvas.suite.Testcases"/>
  <testcase name="getConversionPvPPercent" time="0.448" classname="com.boomerang.canvas.suite.Testcases"/>
  <testcase name="isUnitsPerOrder" time="0.443" classname="com.boomerang.canvas.suite.Testcases"/>
  <testcase name="isBigmoversLosersTextpresent" time="0.463" classname="com.boomerang.canvas.suite.Testcases"/>
  <testcase name="isBigmoversTextpresent" time="0.567" classname="com.boomerang.canvas.suite.Testcases"/>
  <testcase name="getbigmoversBrandsWinnersdata" time="2.681" classname="com.boomerang.canvas.suite.Testcases"/>
  <testcase name="getRevenueValue" time="0.446" classname="com.boomerang.canvas.suite.Testcases"/>
  <testcase name="sentDates" time="6.123" classname="com.boomerang.canvas.suite.Testcases"/>
  <testcase name="invalidLoginWithvalidUsernameEmptyPassword" time="1.917" classname="com.boomerang.canvas.suite.Testcases"/>
  <testcase name="getbigmoversallLosersdata" time="3.384" classname="com.boomerang.canvas.suite.Testcases"/>
  <testcase name="getUnitsPerOrderYoYPercent" time="0.448" classname="com.boomerang.canvas.suite.Testcases"/>
  <testcase name="isHeaderMarginTextPresent" time="0.460" classname="com.boomerang.canvas.suite.Testcases"/>
  <testcase name="getRevenuePvPPercent" time="0.458" classname="com.boomerang.canvas.suite.Testcases"/>
  <testcase name="getUnitsYoYPercent" time="0.432" classname="com.boomerang.canvas.suite.Testcases"/>
  <testcase name="getBigmoversLoserscategoriesPVPvalue" time="2.848" classname="com.boomerang.canvas.suite.Testcases"/>
  <testcase name="getBigmoversWinnerscategoriesYOYvalue" time="2.873" classname="com.boomerang.canvas.suite.Testcases"/>
  <testcase name="getUnitsPvPPercent" time="0.450" classname="com.boomerang.canvas.suite.Testcases"/>
  <testcase name="getbigmoversCategoriesWinnersdata" time="3.632" classname="com.boomerang.canvas.suite.Testcases"/>
  <testcase name="isPageViewsPresent" time="0.451" classname="com.boomerang.canvas.suite.Testcases"/>
  <testcase name="getBigmoversWinnersbrandsYOYvalue" time="2.946" classname="com.boomerang.canvas.suite.Testcases"/>
  <testcase name="getBigmoversLoserscategoriesYOYvalue" time="2.627" classname="com.boomerang.canvas.suite.Testcases"/>
  <testcase name="getAvgSalePriceYoYPercent" time="0.472" classname="com.boomerang.canvas.suite.Testcases"/>
  <testcase name="getUnitsValue" time="0.454" classname="com.boomerang.canvas.suite.Testcases"/>
  <testcase name="isHeaderRevenueTextPresent" time="0.464" classname="com.boomerang.canvas.suite.Testcases"/>
</testsuite> <!-- com.boomerang.canvas.suite.Testcases -->
