<?xml version="1.0" encoding="UTF-8"?>
<!-- Generated by org.testng.reporters.JUnitXMLReporter -->
<testsuite hostname="Boomerangs-MacBook-Pro.local" name="getBigmoversLosersallYOYvalue" tests="1" failures="1" timestamp="3 Apr 2017 14:10:21 GMT" time="2.664" errors="0">
  <testcase name="getBigmoversLosersallYOYvalue" time="2.298" classname="com.boomerang.canvas.suite.Testcases">
    <failure type="java.lang.AssertionError" message="expected [306] but found [25]">
      <![CDATA[java.lang.AssertionError: expected [306] but found [25]
	at com.boomerang.canvas.genericlibrary.Genericlib.getlist(Genericlib.java:97)
	at com.boomerang.canvas.suite.Testcases.getBigmoversLosersallYOYvalue(Testcases.java:598)
	at com.boomerang.canvas.suite.Testsuite.runTests(Testsuite.java:85)
	at com.boomerang.canvas.suite.Testsuite.suitetest(Testsuite.java:98)
	at com.boomerang.canvas.suite.Testsuite.main(Testsuite.java:106)
... Removed 26 stack frames]]>
    </failure>
  </testcase> <!-- getBigmoversLosersallYOYvalue -->
</testsuite> <!-- getBigmoversLosersallYOYvalue -->
